<?xml version="1.0" encoding="UTF-8"?>
<!-- Generated by org.testng.reporters.JUnitReportReporter -->
<testsuite hostname="USE2DEVPW111466" failures="0" tests="4" name="Ninja.qa.RegisterTest" time="44.677" errors="0" timestamp="2024-10-18T16:51:46 IST" skipped="0">
  <testcase classname="Ninja.qa.RegisterTest" name="VerifyRegisteringAnAccountshowsMandatoryFields" time="11.377"/>
  <system-out/>
  <testcase classname="Ninja.qa.RegisterTest" name="VerifyRegisteringAnAccountByProvidingAllFields" time="10.911"/>
  <system-out/>
  <testcase classname="Ninja.qa.RegisterTest" name="VerifyRegisteringAnAccountByProvidingAllFieldswithExistingEmailAddress" time="11.300"/>
  <system-out/>
  <testcase classname="Ninja.qa.RegisterTest" name="VerifyloggingintotheApplicatioWithouProvidingAnycredentials" time="11.089"/>
  <system-out/>
</testsuite> <!-- Ninja.qa.RegisterTest -->
