<?xml version="1.0" encoding="UTF-8"?>
<!-- Generated by org.testng.reporters.JUnitReportReporter -->
<testsuite hostname="EPINPUNW0467" failures="0" tests="3" name="Ninja.qa.SearchTest" time="33.049" errors="0" timestamp="2025-07-21T13:18:35 IST" skipped="0">
  <testcase classname="Ninja.qa.SearchTest" name="VerifySearchValidProduct" time="13.477"/>
  <testcase classname="Ninja.qa.SearchTest" name="VerifySearchWithNonValidProject" time="9.575"/>
  <testcase classname="Ninja.qa.SearchTest" name="VerifySearchWithoutAnyProduct" time="9.997"/>
</testsuite> <!-- Ninja.qa.SearchTest -->
