<?xml version="1.0" encoding="UTF-8"?>
<!-- Generated by org.testng.reporters.JUnitReportReporter -->
<testsuite hostname="USE2DEVPW111466" failures="0" tests="7" name="Ninja.qa.LoginTest" time="79.468" errors="0" timestamp="2024-10-18T16:51:46 IST" skipped="0">
  <testcase classname="Ninja.qa.LoginTest" name="VerifyLoginWithValidCreden" time="11.183"/>
  <system-out/>
  <testcase classname="Ninja.qa.LoginTest" name="VerifyLoginWithValidCreden" time="10.269"/>
  <system-out/>
  <testcase classname="Ninja.qa.LoginTest" name="VerifyLoginWithValidCreden" time="14.194"/>
  <system-out/>
  <testcase classname="Ninja.qa.LoginTest" name="VerifyLoginWithINValidCreden" time="12.324"/>
  <system-out/>
  <testcase classname="Ninja.qa.LoginTest" name="VerifyLoginWithINValidEmailAndValidPassword" time="9.988"/>
  <system-out/>
  <testcase classname="Ninja.qa.LoginTest" name="VerifyLoginWithValidEmailAndINValidPassword" time="10.347"/>
  <system-out/>
  <testcase classname="Ninja.qa.LoginTest" name="VerifyLoginwithoutCredentials" time="11.163"/>
  <system-out/>
</testsuite> <!-- Ninja.qa.LoginTest -->
