<?xml version="1.0" encoding="UTF-8"?>
<!-- Generated by org.testng.reporters.JUnitReportReporter -->
<testsuite hostname="USE2DEVPW111466" failures="0" tests="3" name="Ninja.qa.SearchTest" time="37.420" errors="0" timestamp="2024-10-18T16:51:46 IST" skipped="0">
  <testcase classname="Ninja.qa.SearchTest" name="VerifySearchValidProduct" time="9.138"/>
  <system-out/>
  <testcase classname="Ninja.qa.SearchTest" name="VerifySearchWithNonValidProject" time="18.164"/>
  <system-out/>
  <testcase classname="Ninja.qa.SearchTest" name="VerifySearchWithoutAnyProduct" time="10.118"/>
  <system-out/>
</testsuite> <!-- Ninja.qa.SearchTest -->
