<?xml version="1.0" encoding="UTF-8"?>
<!-- Generated by org.testng.reporters.JUnitReportReporter -->
<testsuite hostname="EPINPUNW0467" failures="0" tests="4" name="Ninja.qa.RegisterTest" time="47.693" errors="0" timestamp="2025-07-21T13:18:35 IST" skipped="0">
  <testcase classname="Ninja.qa.RegisterTest" name="VerifyRegisteringAnAccountshowsMandatoryFields" time="9.464"/>
  <testcase classname="Ninja.qa.RegisterTest" name="VerifyRegisteringAnAccountByProvidingAllFields" time="15.307"/>
  <testcase classname="Ninja.qa.RegisterTest" name="VerifyRegisteringAnAccountByProvidingAllFieldswithExistingEmailAddress" time="12.255"/>
  <testcase classname="Ninja.qa.RegisterTest" name="VerifyloggingintotheApplicatioWithouProvidingAnycredentials" time="10.667"/>
</testsuite> <!-- Ninja.qa.RegisterTest -->
